2017/03/08 19:03:59 にビルドを開始しました。
     1>ノード 2 上のプロジェクト "C:\Users\ykawachi\Desktop\Chikuwa3rd\Scripts\Suken.vcxproj" (Build ターゲット)。
     1>C:\Program Files (x86)\MSBuild\12.0\bin\Microsoft.Common.CurrentVersion.targets(1492,5): warning : The referenced project 'stage\stage.vcxproj' does not exist.
     1>ClCompile:
         c:\Program Files (x86)\Microsoft Visual Studio 10.0\VC\bin\CL.exe /c /I"C:\プロジェクトに追加すべきファイル_VC用" /ZI /nologo /W3 /WX- /Od /Oy- /D WIN32 /D _DEBUG /D _WINDOWS /D _MBCS /Gm /EHsc /RTC1 /MTd /GS /fp:precise /Zc:wchar_t /Zc:forScope /Fo"Debug\\" /Fd"Debug\vc100.pdb" /Gd /TP /analyze- /errorReport:prompt TileM.cpp
         TileM.cpp
     1>c:\users\ykawachi\desktop\chikuwa3rd\scripts\sukenlib\utility\data.h(31): warning C4018: '>=' : signed と unsigned の数値を比較しようとしました。
     1>c:\users\ykawachi\desktop\chikuwa3rd\scripts\sukenlib\utility\data.h(42): warning C4018: '>=' : signed と unsigned の数値を比較しようとしました。
     1>c:\users\ykawachi\desktop\chikuwa3rd\scripts\sukenlib\utility\data.h(74): warning C4018: '>=' : signed と unsigned の数値を比較しようとしました。
     1>c:\users\ykawachi\desktop\chikuwa3rd\scripts\sukenlib\utility\data.h(84): warning C4018: '>=' : signed と unsigned の数値を比較しようとしました。
       Link:
         c:\Program Files (x86)\Microsoft Visual Studio 10.0\VC\bin\link.exe /ERRORREPORT:PROMPT /OUT:"C:\Users\ykawachi\Desktop\Chikuwa3rd\Scripts\Debug\Suken.exe" /INCREMENTAL /NOLOGO /LIBPATH:"C:\プロジェクトに追加すべきファイル_VC用" kernel32.lib user32.lib gdi32.lib winspool.lib comdlg32.lib advapi32.lib shell32.lib ole32.lib oleaut32.lib uuid.lib odbc32.lib odbccp32.lib /MANIFEST /ManifestFile:"Debug\Suken.exe.intermediate.manifest" /MANIFESTUAC:"level='asInvoker' uiAccess='false'" /DEBUG /PDB:"C:\Users\ykawachi\Desktop\Chikuwa3rd\Scripts\Debug\Suken.pdb" /SUBSYSTEM:WINDOWS /TLBID:1 /DYNAMICBASE /NXCOMPAT /IMPLIB:"C:\Users\ykawachi\Desktop\Chikuwa3rd\Scripts\Debug\Suken.lib" /MACHINE:X86 Debug\Suken.exe.embed.manifest.res
         Debug\InfoBox.obj
         Debug\Main.obj
         Debug\MyScene.obj
         Debug\Picture.obj
         Debug\Event.obj
         Debug\Input.obj
         Debug\Key.obj
         Debug\KeyInputString.obj
         Debug\Mouse.obj
         Debug\Game.obj
         Debug\CollisionManager.obj
         Debug\Circle.obj
         Debug\Primitive.obj
         Debug\Rect.obj
         Debug\Transform.obj
         Debug\Vector2D.obj
         Debug\Scene.obj
         Debug\System.obj
         Debug\Array.obj
         Debug\Data.obj
         Debug\Debug.obj
         Debug\MCE.obj
         Debug\Utility.obj
         Debug\Midi.obj
         Debug\Tile.obj
         Debug\TileM.obj
         Debug\WinMain.obj
       Manifest:
         C:\Program Files (x86)\Microsoft SDKs\Windows\v7.0A\bin\mt.exe /nologo /verbose /out:"Debug\Suken.exe.embed.manifest" /manifest Debug\Suken.exe.intermediate.manifest
       LinkEmbedManifest:
         Suken.vcxproj -> C:\Users\ykawachi\Desktop\Chikuwa3rd\Scripts\Debug\Suken.exe
     1>プロジェクト "C:\Users\ykawachi\Desktop\Chikuwa3rd\Scripts\Suken.vcxproj" (Build ターゲット) のビルドが完了しました。

ビルドに成功しました。

経過時間 00:00:03.44
